{"message":"The name is missing for the folders post","level":"error"}
{"message":"folder with id 7 created","level":"info"}
{"message":"folder with id 8 created","level":"info"}
{"message":"folder with id 9 created","level":"info"}
{"message":"the id value is missing from notes post","level":"error"}
{"message":"note with id 12 has been created","level":"info"}
{"message":"note with id 13 has been created","level":"info"}
{"message":"note with id 14 has been created","level":"info"}
{"message":"note with id 14 deleted","level":"info"}
{"message":"The folder_name is missing for the folders post","level":"error"}
{"message":"folder with id 10 created","level":"info"}
{"message":"the folder_id value is missing from notes post","level":"error"}
{"message":"the folder_id value is missing from notes post","level":"error"}
{"message":"note with id 15 has been created","level":"info"}
{"message":"folder with id 11 created","level":"info"}
{"message":"note with id 16 has been created","level":"info"}
{"message":"note with id 16 deleted","level":"info"}
{"message":"note with id 13 deleted","level":"info"}
{"message":"note with id 12 deleted","level":"info"}
{"message":"note with id 3 deleted","level":"info"}
{"message":"note with id 8 deleted","level":"info"}
{"message":"note with id 10 deleted","level":"info"}
{"message":"folder with id 12 created","level":"info"}
{"message":"note with id 17 has been created","level":"info"}
{"message":"note with id 17 deleted","level":"info"}
